gradleBuild/intermediates/manifest_merge_blame_file/debug/manifest-merger-blame-debug-report.txt
1<?xml version="1.0" encoding="utf-8"?>
2<manifest xmlns:android="http://schemas.android.com/apk/res/android"
3    package="org.tensorflow.demo"
4    android:versionCode="2"
5    android:versionName="2" >
6
7    <uses-sdk
8        android:minSdkVersion="21"
8-->ihabgit/first UI/AndroidManifest.xml
9        android:targetSdkVersion="26" />
9-->ihabgit/first UI/AndroidManifest.xml
10
11    <uses-permission android:name="android.permission.CAMERA" />
11-->ihabgit/first UI/AndroidManifest.xml:7:5-65
11-->ihabgit/first UI/AndroidManifest.xml:7:22-62
12    <uses-permission android:name="android.permission.ACCESS_COARSE_LOCATION" />
12-->ihabgit/first UI/AndroidManifest.xml:8:5-81
12-->ihabgit/first UI/AndroidManifest.xml:8:22-78
13    <uses-permission android:name="android.permission.INTERNET" />
13-->ihabgit/first UI/AndroidManifest.xml:9:5-67
13-->ihabgit/first UI/AndroidManifest.xml:9:22-64
14
15    <uses-feature android:name="android.hardware.camera" />
15-->ihabgit/first UI/AndroidManifest.xml:11:5-60
15-->ihabgit/first UI/AndroidManifest.xml:11:19-57
16    <uses-feature android:name="android.hardware.camera.autofocus" />
16-->ihabgit/first UI/AndroidManifest.xml:12:5-70
16-->ihabgit/first UI/AndroidManifest.xml:12:19-67
17
18    <uses-permission android:name="android.permission.WRITE_EXTERNAL_STORAGE" />
18-->ihabgit/first UI/AndroidManifest.xml:14:5-81
18-->ihabgit/first UI/AndroidManifest.xml:14:22-78
19    <uses-permission android:name="android.permission.ACCESS_NETWORK_STATE" />
19-->ihabgit/first UI/AndroidManifest.xml:15:5-79
19-->ihabgit/first UI/AndroidManifest.xml:15:22-76
20    <uses-permission android:name="android.permission.INTERNET" />
20-->ihabgit/first UI/AndroidManifest.xml:9:5-67
20-->ihabgit/first UI/AndroidManifest.xml:9:22-64
21    <uses-permission android:name="android.permission.WRITE_INTERNAL_STORAGE" />
21-->ihabgit/first UI/AndroidManifest.xml:17:5-81
21-->ihabgit/first UI/AndroidManifest.xml:17:22-78
22    <uses-permission android:name="android.permission.READ_PHONE_STATE" />
23    <uses-permission android:name="android.permission.READ_EXTERNAL_STORAGE" />
24    <uses-permission android:name="android.permission.WAKE_LOCK" /> <!-- Required by older versions of Google Play services to create IID tokens -->
24-->[com.google.android.gms:play-services-measurement-api:17.2.1] AndroidManifest.xml:24:5-68
24-->[com.google.android.gms:play-services-measurement-api:17.2.1] AndroidManifest.xml:24:22-65
25    <uses-permission android:name="com.google.android.c2dm.permission.RECEIVE" />
25-->[com.google.firebase:firebase-iid:19.0.0] AndroidManifest.xml:26:5-82
25-->[com.google.firebase:firebase-iid:19.0.0] AndroidManifest.xml:26:22-79
26    <uses-permission android:name="com.google.android.finsky.permission.BIND_GET_INSTALL_REFERRER_SERVICE" />
26-->[com.google.android.gms:play-services-measurement:17.2.1] AndroidManifest.xml:26:5-110
26-->[com.google.android.gms:play-services-measurement:17.2.1] AndroidManifest.xml:26:22-107
27
28    <application
28-->ihabgit/first UI/AndroidManifest.xml:19:5-43:19
29        android:allowBackup="true"
29-->ihabgit/first UI/AndroidManifest.xml:20:9-35
30        android:appComponentFactory="androidx.core.app.CoreComponentFactory"
30-->[androidx.core:core:1.1.0] AndroidManifest.xml:24:18-86
31        android:debuggable="true"
32        android:icon="@drawable/ic_launcher"
32-->ihabgit/first UI/AndroidManifest.xml:21:9-45
33        android:label="@string/app_name"
33-->ihabgit/first UI/AndroidManifest.xml:22:9-41
34        android:testOnly="true"
35        android:theme="@style/AppTheme" >
35-->ihabgit/first UI/AndroidManifest.xml:23:9-40
36        <activity android:name="org.tensorflow.demo.HomeActivity" />
36-->ihabgit/first UI/AndroidManifest.xml:24:9-50
36-->ihabgit/first UI/AndroidManifest.xml:24:19-47
37        <activity android:name="org.tensorflow.demo.PlateActivity" />
37-->ihabgit/first UI/AndroidManifest.xml:25:9-51
37-->ihabgit/first UI/AndroidManifest.xml:25:19-48
38        <activity android:name="org.tensorflow.demo.HistoryActivity" />
38-->ihabgit/first UI/AndroidManifest.xml:26:9-53
38-->ihabgit/first UI/AndroidManifest.xml:26:19-50
39        <activity android:name="org.tensorflow.demo.ShotDetectionActivity" />
39-->ihabgit/first UI/AndroidManifest.xml:27:9-59
39-->ihabgit/first UI/AndroidManifest.xml:27:19-56
40        <activity android:name="org.tensorflow.demo.MainActivity" />
40-->ihabgit/first UI/AndroidManifest.xml:28:9-50
40-->ihabgit/first UI/AndroidManifest.xml:28:19-47
41        <activity android:name="org.tensorflow.demo.DetectorActivity" />
41-->ihabgit/first UI/AndroidManifest.xml:29:9-54
41-->ihabgit/first UI/AndroidManifest.xml:29:19-51
42        <activity
42-->ihabgit/first UI/AndroidManifest.xml:30:9-38:20
43            android:name="org.tensorflow.demo.SplashActivity"
43-->ihabgit/first UI/AndroidManifest.xml:31:13-43
44            android:label="Fusion Rev" >
44-->ihabgit/first UI/AndroidManifest.xml:32:13-39
45            <intent-filter>
45-->ihabgit/first UI/AndroidManifest.xml:33:13-37:29
46                <action android:name="android.intent.action.MAIN" />
46-->ihabgit/first UI/AndroidManifest.xml:34:17-69
46-->ihabgit/first UI/AndroidManifest.xml:34:25-66
47
48                <category android:name="android.intent.category.LAUNCHER" />
48-->ihabgit/first UI/AndroidManifest.xml:36:17-77
48-->ihabgit/first UI/AndroidManifest.xml:36:27-74
49            </intent-filter>
50        </activity>
51
52        <meta-data
52-->ihabgit/first UI/AndroidManifest.xml:40:9-42:35
53            android:name="com.google.firebase.ml.vision.DEPENDENCIES"
53-->ihabgit/first UI/AndroidManifest.xml:41:13-70
54            android:value="ocr" />
54-->ihabgit/first UI/AndroidManifest.xml:42:13-32
55
56        <activity
56-->[pub.devrel:easypermissions:0.4.0] AndroidManifest.xml:12:9-16:66
57            android:name="pub.devrel.easypermissions.AppSettingsDialogHolderActivity"
57-->[pub.devrel:easypermissions:0.4.0] AndroidManifest.xml:13:13-86
58            android:exported="false"
58-->[pub.devrel:easypermissions:0.4.0] AndroidManifest.xml:14:13-37
59            android:label=""
59-->[pub.devrel:easypermissions:0.4.0] AndroidManifest.xml:15:13-29
60            android:theme="@style/EasyPermissions.Transparent" />
60-->[pub.devrel:easypermissions:0.4.0] AndroidManifest.xml:16:13-63
61
62        <service
62-->[com.google.firebase:firebase-ml-vision:24.0.1] AndroidManifest.xml:9:9-15:19
63            android:name="com.google.firebase.components.ComponentDiscoveryService"
63-->[com.google.firebase:firebase-ml-vision:24.0.1] AndroidManifest.xml:10:13-84
64            android:exported="false" >
64-->[com.google.firebase:firebase-ml-vision:24.0.1] AndroidManifest.xml:11:13-37
65            <meta-data
65-->[com.google.firebase:firebase-ml-vision:24.0.1] AndroidManifest.xml:12:13-14:85
66                android:name="com.google.firebase.components:com.google.firebase.ml.vision.VisionRegistrar"
66-->[com.google.firebase:firebase-ml-vision:24.0.1] AndroidManifest.xml:13:17-108
67                android:value="com.google.firebase.components.ComponentRegistrar" />
67-->[com.google.firebase:firebase-ml-vision:24.0.1] AndroidManifest.xml:14:17-82
68            <meta-data
68-->[com.google.firebase:firebase-ml-common:22.0.1] AndroidManifest.xml:11:13-13:85
69                android:name="com.google.firebase.components:com.google.firebase.ml.common.CommonComponentRegistrar"
69-->[com.google.firebase:firebase-ml-common:22.0.1] AndroidManifest.xml:12:17-117
70                android:value="com.google.firebase.components.ComponentRegistrar" />
70-->[com.google.firebase:firebase-ml-common:22.0.1] AndroidManifest.xml:13:17-82
71            <meta-data
71-->[com.google.android.gms:play-services-measurement-api:17.2.1] AndroidManifest.xml:30:13-32:85
72                android:name="com.google.firebase.components:com.google.firebase.analytics.connector.internal.AnalyticsConnectorRegistrar"
72-->[com.google.android.gms:play-services-measurement-api:17.2.1] AndroidManifest.xml:31:17-139
73                android:value="com.google.firebase.components.ComponentRegistrar" />
73-->[com.google.android.gms:play-services-measurement-api:17.2.1] AndroidManifest.xml:32:17-82
74            <meta-data
74-->[com.google.firebase:firebase-iid:19.0.0] AndroidManifest.xml:32:13-34:85
75                android:name="com.google.firebase.components:com.google.firebase.iid.Registrar"
75-->[com.google.firebase:firebase-iid:19.0.0] AndroidManifest.xml:33:17-96
76                android:value="com.google.firebase.components.ComponentRegistrar" />
76-->[com.google.firebase:firebase-iid:19.0.0] AndroidManifest.xml:34:17-82
77        </service>
78
79        <receiver
79-->[com.google.firebase:firebase-iid:19.0.0] AndroidManifest.xml:37:9-44:20
80            android:name="com.google.firebase.iid.FirebaseInstanceIdReceiver"
80-->[com.google.firebase:firebase-iid:19.0.0] AndroidManifest.xml:38:13-78
81            android:exported="true"
81-->[com.google.firebase:firebase-iid:19.0.0] AndroidManifest.xml:39:13-36
82            android:permission="com.google.android.c2dm.permission.SEND" >
82-->[com.google.firebase:firebase-iid:19.0.0] AndroidManifest.xml:40:13-73
83            <intent-filter>
83-->[com.google.firebase:firebase-iid:19.0.0] AndroidManifest.xml:41:13-43:29
84                <action android:name="com.google.android.c2dm.intent.RECEIVE" />
84-->[com.google.firebase:firebase-iid:19.0.0] AndroidManifest.xml:42:17-81
84-->[com.google.firebase:firebase-iid:19.0.0] AndroidManifest.xml:42:25-78
85            </intent-filter>
86        </receiver>
87
88        <activity
88-->[com.google.android.gms:play-services-base:17.1.0] AndroidManifest.xml:23:9-26:75
89            android:name="com.google.android.gms.common.api.GoogleApiActivity"
89-->[com.google.android.gms:play-services-base:17.1.0] AndroidManifest.xml:24:13-79
90            android:exported="false"
90-->[com.google.android.gms:play-services-base:17.1.0] AndroidManifest.xml:25:13-37
91            android:theme="@android:style/Theme.Translucent.NoTitleBar" />
91-->[com.google.android.gms:play-services-base:17.1.0] AndroidManifest.xml:26:13-72
92
93        <provider
93-->[com.google.firebase:firebase-common:19.0.0] AndroidManifest.xml:12:9-16:39
94            android:name="com.google.firebase.provider.FirebaseInitProvider"
94-->[com.google.firebase:firebase-common:19.0.0] AndroidManifest.xml:13:13-77
95            android:authorities="org.tensorflow.demo.firebaseinitprovider"
95-->[com.google.firebase:firebase-common:19.0.0] AndroidManifest.xml:14:13-72
96            android:exported="false"
96-->[com.google.firebase:firebase-common:19.0.0] AndroidManifest.xml:15:13-37
97            android:initOrder="100" />
97-->[com.google.firebase:firebase-common:19.0.0] AndroidManifest.xml:16:13-36
98
99        <receiver
99-->[com.google.android.gms:play-services-measurement:17.2.1] AndroidManifest.xml:29:9-33:20
100            android:name="com.google.android.gms.measurement.AppMeasurementReceiver"
100-->[com.google.android.gms:play-services-measurement:17.2.1] AndroidManifest.xml:30:13-85
101            android:enabled="true"
101-->[com.google.android.gms:play-services-measurement:17.2.1] AndroidManifest.xml:31:13-35
102            android:exported="false" >
102-->[com.google.android.gms:play-services-measurement:17.2.1] AndroidManifest.xml:32:13-37
103        </receiver>
104        <receiver
104-->[com.google.android.gms:play-services-measurement:17.2.1] AndroidManifest.xml:34:9-42:20
105            android:name="com.google.android.gms.measurement.AppMeasurementInstallReferrerReceiver"
105-->[com.google.android.gms:play-services-measurement:17.2.1] AndroidManifest.xml:35:13-100
106            android:enabled="true"
106-->[com.google.android.gms:play-services-measurement:17.2.1] AndroidManifest.xml:36:13-35
107            android:exported="true"
107-->[com.google.android.gms:play-services-measurement:17.2.1] AndroidManifest.xml:37:13-36
108            android:permission="android.permission.INSTALL_PACKAGES" >
108-->[com.google.android.gms:play-services-measurement:17.2.1] AndroidManifest.xml:38:13-69
109            <intent-filter>
109-->[com.google.android.gms:play-services-measurement:17.2.1] AndroidManifest.xml:39:13-41:29
110                <action android:name="com.android.vending.INSTALL_REFERRER" />
110-->[com.google.android.gms:play-services-measurement:17.2.1] AndroidManifest.xml:40:17-79
110-->[com.google.android.gms:play-services-measurement:17.2.1] AndroidManifest.xml:40:25-76
111            </intent-filter>
112        </receiver>
113
114        <service
114-->[com.google.android.gms:play-services-measurement:17.2.1] AndroidManifest.xml:44:9-47:40
115            android:name="com.google.android.gms.measurement.AppMeasurementService"
115-->[com.google.android.gms:play-services-measurement:17.2.1] AndroidManifest.xml:45:13-84
116            android:enabled="true"
116-->[com.google.android.gms:play-services-measurement:17.2.1] AndroidManifest.xml:46:13-35
117            android:exported="false" />
117-->[com.google.android.gms:play-services-measurement:17.2.1] AndroidManifest.xml:47:13-37
118        <service
118-->[com.google.android.gms:play-services-measurement:17.2.1] AndroidManifest.xml:48:9-52:72
119            android:name="com.google.android.gms.measurement.AppMeasurementJobService"
119-->[com.google.android.gms:play-services-measurement:17.2.1] AndroidManifest.xml:49:13-87
120            android:enabled="true"
120-->[com.google.android.gms:play-services-measurement:17.2.1] AndroidManifest.xml:50:13-35
121            android:exported="false"
121-->[com.google.android.gms:play-services-measurement:17.2.1] AndroidManifest.xml:51:13-37
122            android:permission="android.permission.BIND_JOB_SERVICE" />
122-->[com.google.android.gms:play-services-measurement:17.2.1] AndroidManifest.xml:52:13-69
123
124        <meta-data
124-->[com.google.android.gms:play-services-basement:17.0.0] AndroidManifest.xml:23:9-25:69
125            android:name="com.google.android.gms.version"
125-->[com.google.android.gms:play-services-basement:17.0.0] AndroidManifest.xml:24:13-58
126            android:value="@integer/google_play_services_version" />
126-->[com.google.android.gms:play-services-basement:17.0.0] AndroidManifest.xml:25:13-66
127    </application>
128
129</manifest>